2013-04-29 10:32:59,938 [Worker-6] INFO  o.e.m.c.i.i.nexus.NexusIndexManager - Updating index for repository: central|http://repo.maven.apache.org/maven2
2013-04-29 10:32:59,995 [Worker-6] INFO  c.n.h.c.p.n.NettyAsyncHttpProvider - Number of application's worked threads is 8
2013-04-29 10:33:03,492 [Worker-6] INFO  o.e.m.c.i.i.nexus.NexusIndexManager - Updated index for repository: central|http://repo.maven.apache.org/maven2 in 3558 ms
2013-04-29 10:33:23,828 [ModalContext] ERROR o.e.m.c.u.i.w.MavenProjectWizardArchetypeParametersPage - Could not create artifact repository
org.eclipse.core.runtime.CoreException: Could not create artifact repository
	at org.eclipse.m2e.core.internal.embedder.MavenImpl.createArtifactRepository(MavenImpl.java:967) ~[na:na]
	at org.eclipse.m2e.core.internal.archetype.ArchetypeManager.getArchetypeRepository(ArchetypeManager.java:157) ~[na:na]
	at org.eclipse.m2e.core.ui.internal.wizards.MavenProjectWizardArchetypeParametersPage$RequiredPropertiesLoader.run(MavenProjectWizardArchetypeParametersPage.java:442) ~[org.eclipse.m2e.core.ui_1.3.1.20130219-1424.jar:na]
	at org.eclipse.jface.operation.ModalContext$ModalContextThread.run(ModalContext.java:121) [org.eclipse.jface_3.7.0.v20110928-1505.jar:na]
Caused by: org.apache.maven.artifact.InvalidRepositoryException: URL missing for repository android-quickstart-repo
	at org.apache.maven.repository.legacy.LegacyRepositorySystem.buildArtifactRepository(LegacyRepositorySystem.java:775) ~[na:na]
	at org.eclipse.m2e.core.internal.embedder.MavenImpl.createArtifactRepository(MavenImpl.java:963) ~[na:na]
	... 3 common frames omitted
2013-04-29 10:46:13,788 [ModalContext] ERROR o.e.m.c.u.i.w.MavenProjectWizardArchetypeParametersPage - Could not create artifact repository
org.eclipse.core.runtime.CoreException: Could not create artifact repository
	at org.eclipse.m2e.core.internal.embedder.MavenImpl.createArtifactRepository(MavenImpl.java:967) ~[na:na]
	at org.eclipse.m2e.core.internal.archetype.ArchetypeManager.getArchetypeRepository(ArchetypeManager.java:157) ~[na:na]
	at org.eclipse.m2e.core.ui.internal.wizards.MavenProjectWizardArchetypeParametersPage$RequiredPropertiesLoader.run(MavenProjectWizardArchetypeParametersPage.java:442) ~[org.eclipse.m2e.core.ui_1.3.1.20130219-1424.jar:na]
	at org.eclipse.jface.operation.ModalContext$ModalContextThread.run(ModalContext.java:121) [org.eclipse.jface_3.7.0.v20110928-1505.jar:na]
Caused by: org.apache.maven.artifact.InvalidRepositoryException: URL missing for repository android-quickstart-repo
	at org.apache.maven.repository.legacy.LegacyRepositorySystem.buildArtifactRepository(LegacyRepositorySystem.java:775) ~[na:na]
	at org.eclipse.m2e.core.internal.embedder.MavenImpl.createArtifactRepository(MavenImpl.java:963) ~[na:na]
	... 3 common frames omitted
2013-04-29 10:46:55,413 [Worker-7] ERROR o.e.m.c.i.p.ProjectConfigurationManager - Unable to create project from archetype [de.akquinet.android.archetypes:android-quickstart:1.0.8 -> ]
org.apache.maven.archetype.exception.UnknownArchetype: The desired archetype does not exist (de.akquinet.android.archetypes:android-quickstart:1.0.8)
	at org.apache.maven.archetype.generator.DefaultArchetypeGenerator.generateArchetype(DefaultArchetypeGenerator.java:112) ~[archetype-common-2.0-alpha-4.jar:2.0-alpha-4]
	at org.apache.maven.archetype.generator.DefaultArchetypeGenerator.generateArchetype(DefaultArchetypeGenerator.java:286) ~[archetype-common-2.0-alpha-4.jar:2.0-alpha-4]
	at org.apache.maven.archetype.DefaultArchetype.generateProjectFromArchetype(DefaultArchetype.java:69) ~[archetype-common-2.0-alpha-4.jar:2.0-alpha-4]
	at org.eclipse.m2e.core.internal.project.ProjectConfigurationManager.createArchetypeProjects(ProjectConfigurationManager.java:698) ~[org.eclipse.m2e.core_1.3.1.20130219-1424.jar:na]
	at org.eclipse.m2e.core.ui.internal.wizards.MavenProjectWizard$5.doCreateMavenProjects(MavenProjectWizard.java:244) [org.eclipse.m2e.core.ui_1.3.1.20130219-1424.jar:na]
	at org.eclipse.m2e.core.ui.internal.wizards.AbstactCreateMavenProjectJob$1.doCreateMavenProjects(AbstactCreateMavenProjectJob.java:46) [org.eclipse.m2e.core.ui_1.3.1.20130219-1424.jar:na]
	at org.eclipse.m2e.core.ui.internal.wizards.AbstractCreateMavenProjectsOperation.run(AbstractCreateMavenProjectsOperation.java:74) [org.eclipse.m2e.core.ui_1.3.1.20130219-1424.jar:na]
	at org.eclipse.m2e.core.ui.internal.wizards.AbstactCreateMavenProjectJob.runInWorkspace(AbstactCreateMavenProjectJob.java:50) [org.eclipse.m2e.core.ui_1.3.1.20130219-1424.jar:na]
	at org.eclipse.core.internal.resources.InternalWorkspaceJob.run(InternalWorkspaceJob.java:38) [org.eclipse.core.resources_3.7.101.v20120125-1505.jar:na]
	at org.eclipse.core.internal.jobs.Worker.run(Worker.java:54) [org.eclipse.core.jobs_3.5.101.v20120113-1953.jar:na]
2013-04-29 10:47:46,083 [ModalContext] ERROR o.e.m.c.u.i.w.MavenProjectWizardArchetypeParametersPage - Could not create artifact repository
org.eclipse.core.runtime.CoreException: Could not create artifact repository
	at org.eclipse.m2e.core.internal.embedder.MavenImpl.createArtifactRepository(MavenImpl.java:967) ~[na:na]
	at org.eclipse.m2e.core.internal.archetype.ArchetypeManager.getArchetypeRepository(ArchetypeManager.java:157) ~[na:na]
	at org.eclipse.m2e.core.ui.internal.wizards.MavenProjectWizardArchetypeParametersPage$RequiredPropertiesLoader.run(MavenProjectWizardArchetypeParametersPage.java:442) ~[org.eclipse.m2e.core.ui_1.3.1.20130219-1424.jar:na]
	at org.eclipse.jface.operation.ModalContext$ModalContextThread.run(ModalContext.java:121) [org.eclipse.jface_3.7.0.v20110928-1505.jar:na]
Caused by: org.apache.maven.artifact.InvalidRepositoryException: URL missing for repository android-quickstart-repo
	at org.apache.maven.repository.legacy.LegacyRepositorySystem.buildArtifactRepository(LegacyRepositorySystem.java:775) ~[na:na]
	at org.eclipse.m2e.core.internal.embedder.MavenImpl.createArtifactRepository(MavenImpl.java:963) ~[na:na]
	... 3 common frames omitted
